<?xml version="1.0" encoding="UTF-8"?>
<testsuite xmlns:xsi="http://www.w3.org/2001/XMLSchema-instance" xsi:noNamespaceSchemaLocation="https://maven.apache.org/surefire/maven-surefire-plugin/xsd/surefire-test-report.xsd" name="TestSuite" time="13.563" tests="10" errors="0" skipped="0" failures="1">
  <properties>
[...]
</properties>
  <testcase name="status200AndContentJSON" classname="wapp.WAPP_StaticTreeAPI" time="3.371"/>
  <testcase name="status200AndContentJSON" classname="wapp.WAPP_LocationTreeAPI" time="0.932"/>
  <testcase name="status200AndContentJSON" classname="wapp.WAPP_FCOCountriesAPI" time="1.072"/>
  <testcase name="status200AndContentJSON" classname="wapp.WAPP_FCOCountriesAllAPI" time="1.222"/>
  <testcase name="status200AndContentJSON" classname="wapp.WAPP_PriceStaticTreeAPI" time="1.728"/>
  <testcase name="status200AndContentJSON" classname="wapp.WAPP_FCOStaticVersionExpireAPI" time="0.368"/>
  <testcase name="status200AndContentJSON" classname="wapp.WAPP_PriceStatusAPI" time="1.138"/>
  <testcase name="status200AndContentJSON" classname="wapp.WAPP_PriceChangeLogsAPI" time="1.177"/>
  <testcase name="status200AndContentJSON" classname="wapp.WAPP_FactorPopup" time="0.95">
    <failure message="1 expectation failed.&#10;Expected content-type &quot;JSON&quot; doesn&apos;t match actual content-type &quot;&quot;.&#10;" type="java.lang.AssertionError">java.lang.AssertionError: 
1 expectation failed.
Expected content-type "JSON" doesn't match actual content-type "".

	at wapp.WAPP_FactorPopup.status200AndContentJSON(WAPP_FactorPopup.java:29)
</failure>
    <system-out><![CDATA[Request URI:	https://price00.wapp.com/price/factor/popup?GADGET_COVER=1&TRIP_EXCESS=50&FCDO_COVER=4&token=3634
]]></system-out>
  </testcase>
  <testcase name="status200AndContentJSON" classname="wapp.WAPP_FactorPopupAll" time="1.133"/>
</testsuite>